<?xml version="1.0" encoding="UTF-8"?>
<!-- Generated by org.testng.reporters.JUnitXMLReporter -->
<testsuite ignored="0" hostname="LAPTOP-CK67H558" failures="1" tests="3" name="Default test" time="37.905" errors="0" timestamp="2025-02-15T15:32:02 IST">
  <testcase classname="io.cucumber.testng.AbstractTestNGCucumberTests" name="runScenario" time="35.896">
    <failure type="java.lang.AssertionError" message="expected [No data] but found [Cucumber]">
      <![CDATA[java.lang.AssertionError: expected [No data] but found [Cucumber]
at org.testng.Assert.fail(Assert.java:111)
at org.testng.Assert.failNotEquals(Assert.java:1578)
at org.testng.Assert.assertEqualsImpl(Assert.java:150)
at org.testng.Assert.assertEquals(Assert.java:132)
at org.testng.Assert.assertEquals(Assert.java:656)
at org.testng.Assert.assertEquals(Assert.java:666)
at stepDefinations.practice2.check_the_extract_product_name_by_search_tom_shortname_in_top_deals(practice2.java:57)
at ✽.check the extract product name by search cucu shortname in Top deals(file:///C:/Users/Raveena/eclipse-workspace/Automation/src/test/java/feauture/Selecuc.feature:12)
]]>
    </failure>
  </testcase> <!-- runScenario -->
  <testcase classname="io.cucumber.testng.AbstractTestNGCucumberTests" name="runScenario" time="35.944"/>
  <testcase classname="io.cucumber.testng.AbstractTestNGCucumberTests" name="runScenario" time="37.146"/>
</testsuite> <!-- Default test -->
